[ 2025-07-25 08:35:10,907 ] 1895 sqlalchemy.engine.Engine - INFO - select pg_catalog.version()
[ 2025-07-25 08:35:10,910 ] 1900 sqlalchemy.engine.Engine - INFO - [raw sql] {}
[ 2025-07-25 08:35:10,953 ] 1895 sqlalchemy.engine.Engine - INFO - select current_schema()
[ 2025-07-25 08:35:10,956 ] 1900 sqlalchemy.engine.Engine - INFO - [raw sql] {}
[ 2025-07-25 08:35:11,004 ] 1895 sqlalchemy.engine.Engine - INFO - show standard_conforming_strings
[ 2025-07-25 08:35:11,005 ] 1900 sqlalchemy.engine.Engine - INFO - [raw sql] {}
[ 2025-07-25 08:35:11,055 ] 1096 sqlalchemy.engine.Engine - INFO - BEGIN (implicit)
[ 2025-07-25 08:35:11,062 ] 1895 sqlalchemy.engine.Engine - INFO - SELECT network_data.id, network_data.time, network_data.latency_ms, network_data.jitter_ms, network_data.packet_loss, network_data.rssi_dbm, network_data.interface, network_data.download_mbps, network_data.upload_mbps, network_data.cpu_usage, network_data.ram_usage, network_data.device_count, network_data.temp 
FROM network_data
[ 2025-07-25 08:35:11,063 ] 1900 sqlalchemy.engine.Engine - INFO - [generated in 0.00125s] {}
[ 2025-07-25 08:35:11,229 ] 1122 sqlalchemy.engine.Engine - INFO - ROLLBACK
[ 2025-07-25 08:36:02,040 ] 1096 sqlalchemy.engine.Engine - INFO - BEGIN (implicit)
[ 2025-07-25 08:36:02,043 ] 1895 sqlalchemy.engine.Engine - INFO - SELECT network_data.id, network_data.time, network_data.latency_ms, network_data.jitter_ms, network_data.packet_loss, network_data.rssi_dbm, network_data.interface, network_data.download_mbps, network_data.upload_mbps, network_data.cpu_usage, network_data.ram_usage, network_data.device_count, network_data.temp 
FROM network_data
[ 2025-07-25 08:36:02,045 ] 1900 sqlalchemy.engine.Engine - INFO - [cached since 50.98s ago] {}
[ 2025-07-25 08:36:02,275 ] 1122 sqlalchemy.engine.Engine - INFO - ROLLBACK
[ 2025-07-25 08:54:27,153 ] 224 matplotlib.category - INFO - Using categorical units to plot a list of strings that are all parsable as floats or dates. If these strings should be plotted as numbers, cast to the appropriate data type before plotting.
[ 2025-07-25 08:54:27,160 ] 224 matplotlib.category - INFO - Using categorical units to plot a list of strings that are all parsable as floats or dates. If these strings should be plotted as numbers, cast to the appropriate data type before plotting.
[ 2025-07-25 08:55:17,054 ] 224 matplotlib.category - INFO - Using categorical units to plot a list of strings that are all parsable as floats or dates. If these strings should be plotted as numbers, cast to the appropriate data type before plotting.
[ 2025-07-25 08:55:17,062 ] 224 matplotlib.category - INFO - Using categorical units to plot a list of strings that are all parsable as floats or dates. If these strings should be plotted as numbers, cast to the appropriate data type before plotting.
[ 2025-07-25 08:55:32,589 ] 224 matplotlib.category - INFO - Using categorical units to plot a list of strings that are all parsable as floats or dates. If these strings should be plotted as numbers, cast to the appropriate data type before plotting.
[ 2025-07-25 08:55:32,597 ] 224 matplotlib.category - INFO - Using categorical units to plot a list of strings that are all parsable as floats or dates. If these strings should be plotted as numbers, cast to the appropriate data type before plotting.
[ 2025-07-25 08:55:51,367 ] 224 matplotlib.category - INFO - Using categorical units to plot a list of strings that are all parsable as floats or dates. If these strings should be plotted as numbers, cast to the appropriate data type before plotting.
[ 2025-07-25 08:55:51,374 ] 224 matplotlib.category - INFO - Using categorical units to plot a list of strings that are all parsable as floats or dates. If these strings should be plotted as numbers, cast to the appropriate data type before plotting.
